# Detector n:     1  
Geres     
# A_min-A_max    1   87
   87   0.000       0.000    
   86   0.000       0.000    
   85   0.000       0.000    
   84   0.000       0.000    
   83   0.000       0.000    
   82   0.000       0.000    
   81   0.000       0.000    
   80   0.000       0.000    
   79   0.000       0.000    
   78  2.9842E-12   57.74    
   77  5.9684E-12   40.82    
   76  4.1543E-07  0.2488    
   75  9.2147E-07  0.1184    
   74  2.6183E-06  7.0596E-02
   73  5.0880E-06  2.9651E-02
   72  4.1083E-06  3.5382E-02
   71  4.8872E-06  1.5641E-02
   70  3.3502E-06  6.5490E-02
   69  3.6001E-06  3.4798E-02
   68  1.3568E-06  1.7384E-02
   67  4.7276E-07  4.7508E-02
   66  3.1492E-07  0.1788    
   65  1.8564E-07  0.3353    
   64  1.1717E-07  0.1200    
   63  7.3120E-08  0.3492    
   62  4.3308E-08  0.1129    
   61  1.5500E-08  0.8772    
   60  7.2277E-09   2.396    
   59  3.2826E-09   2.279    
   58  1.7920E-09   3.930    
   57  4.2226E-10   8.547    
   56  1.1489E-10   6.137    
   55  7.3113E-11   14.67    
   54  3.8794E-11   23.08    
   53  1.6413E-11   27.27    
   52  1.1937E-11   20.41    
   51  8.9526E-12   19.25    
   50  7.4605E-12   38.30    
   49   0.000       0.000    
   48   0.000       0.000    
   47   0.000       0.000    
   46   0.000       0.000    
   45   0.000       0.000    
   44   0.000       0.000    
   43   0.000       0.000    
   42   0.000       0.000    
   41   0.000       0.000    
   40   0.000       0.000    
   39  5.9684E-12   40.82    
   38   0.000       0.000    
   37  1.4921E-12   99.00    
   36   0.000       0.000    
   35   0.000       0.000    
   34   0.000       0.000    
   33   0.000       0.000    
   32   0.000       0.000    
   31   0.000       0.000    
   30   0.000       0.000    
   29   0.000       0.000    
   28   0.000       0.000    
   27   0.000       0.000    
   26   0.000       0.000    
   25   0.000       0.000    
   24   0.000       0.000    
   23   0.000       0.000    
   22   0.000       0.000    
   21   0.000       0.000    
   20   0.000       0.000    
   19   0.000       0.000    
   18  1.4921E-12   99.00    
   17  5.9684E-12   70.71    
   16  1.0445E-11   48.80    
   15  4.1779E-11   10.10    
   14  5.5207E-11   9.231    
   13  7.6097E-11   5.882    
   12  7.4605E-11   22.74    
   11  4.6255E-11   3.226    
   10  5.0731E-11   12.25    
    9  6.1176E-11   17.53    
    8  2.0889E-11   34.01    
    7  2.7156E-10   3.172    
    6  3.9540E-10   9.189    
    5   0.000       0.000    
    4  3.7534E-07  0.2406    
    3  3.9003E-08  0.5405    
    2  1.5638E-07  5.0617E-02
    1  8.2629E-07  0.1484    
 # Z_min-Z_max           1          36
   36   0.000       0.000    
   35   0.000       0.000    
   34  8.9526E-12   19.25    
   33  5.2969E-10   8.348    
   32  9.0570E-09  0.6019    
   31  2.6298E-05  9.0853E-03
   30  8.5172E-07  4.7394E-02
   29  3.5254E-07  0.2975    
   28  5.9311E-08  0.3899    
   27  9.0182E-09   1.090    
   26  1.1429E-09   4.207    
   25  2.4620E-10   9.512    
   24  2.6858E-11   14.34    
   23  2.0889E-11   24.74    
   22  1.4921E-12   99.00    
   21   0.000       0.000    
   20   0.000       0.000    
   19   0.000       0.000    
   18   0.000       0.000    
   17  7.4605E-12   50.33    
   16   0.000       0.000    
   15   0.000       0.000    
   14   0.000       0.000    
   13   0.000       0.000    
   12   0.000       0.000    
   11   0.000       0.000    
   10   0.000       0.000    
    9   0.000       0.000    
    8  1.0445E-11   48.80    
    7  4.9239E-11   5.803    
    6  1.8950E-10   9.740    
    5  7.1620E-11   3.402    
    4  1.0594E-10   10.12    
    3  4.7747E-10   1.840    
    2  3.7695E-07  0.2520    
    1  1.0203E-06  0.1055    
# A/Z Isotopes:
   78   26   0.000       0.000    
   78   27   0.000       0.000    
   78   28   0.000       0.000    
   78   29   0.000       0.000    
   78   30   0.000       0.000    
   78   31   0.000       0.000    
   78   32   0.000       0.000    
   78   33   0.000       0.000    
   78   34  2.9842E-12   57.74    
   78   35   0.000       0.000    
   78   36   0.000       0.000    
   77   26   0.000       0.000    
   77   27   0.000       0.000    
   77   28   0.000       0.000    
   77   29   0.000       0.000    
   77   30   0.000       0.000    
   77   31   0.000       0.000    
   77   32   0.000       0.000    
   77   33  2.9842E-12   57.74    
   77   34  2.9842E-12   57.74    
   77   35   0.000       0.000    
   77   36   0.000       0.000    
   76   26   0.000       0.000    
   76   27   0.000       0.000    
   76   28   0.000       0.000    
   76   29   0.000       0.000    
   76   30   0.000       0.000    
   76   31  4.1537E-07  0.2517    
   76   32  2.2381E-11   44.05    
   76   33  2.9842E-11   29.44    
   76   34   0.000       0.000    
   76   35   0.000       0.000    
   76   36   0.000       0.000    
   75   26   0.000       0.000    
   75   27   0.000       0.000    
   75   28   0.000       0.000    
   75   29   0.000       0.000    
   75   30  2.0143E-10   6.667    
   75   31  9.2076E-07  0.1163    
   75   32  4.5509E-10   6.587    
   75   33  5.2223E-11   16.41    
   75   34  1.4921E-12   99.00    
   75   35   0.000       0.000    
   75   36   0.000       0.000    
   74   26   0.000       0.000    
   74   27   0.000       0.000    
   74   28   0.000       0.000    
   74   29   0.000       0.000    
   74   30  1.0937E-09   4.146    
   74   31  2.6167E-06  7.0743E-02
   74   32  3.2975E-10   5.789    
   74   33  1.4772E-10   7.802    
   74   34   0.000       0.000    
   74   35   0.000       0.000    
   74   36   0.000       0.000    
   73   26   0.000       0.000    
   73   27   0.000       0.000    
   73   28   0.000       0.000    
   73   29   0.000       0.000    
   73   30  3.1080E-09   1.817    
   73   31  5.0823E-06  2.9257E-02
   73   32  2.4963E-09   2.199    
   73   33  1.4175E-10   3.158    
   73   34  1.4921E-12   99.00    
   73   35   0.000       0.000    
   73   36   0.000       0.000    
   72   26   0.000       0.000    
   72   27   0.000       0.000    
   72   28   0.000       0.000    
   72   29  1.3429E-11   21.28    
   72   30  1.8280E-08  0.5548    
   72   31  4.0883E-06  3.2788E-02
   72   32  1.6070E-09   3.057    
   72   33  1.1191E-10   10.30    
   72   34   0.000       0.000    
   72   35   0.000       0.000    
   72   36   0.000       0.000    
   71   26   0.000       0.000    
   71   27   0.000       0.000    
   71   28   0.000       0.000    
   71   29  1.5667E-10   13.14    
   71   30  2.0352E-08  0.4190    
   71   31  4.8646E-06  1.6464E-02
   71   32  2.0785E-09   2.887    
   71   33  2.8350E-11   13.25    
   71   34   0.000       0.000    
   71   35   0.000       0.000    
   71   36   0.000       0.000    
   70   26   0.000       0.000    
   70   27   0.000       0.000    
   70   28   0.000       0.000    
   70   29  7.6097E-10   3.795    
   70   30  6.8544E-08  0.4225    
   70   31  3.2804E-06  6.1644E-02
   70   32  5.0582E-10   6.416    
   70   33  1.4921E-11   38.30    
   70   34   0.000       0.000    
   70   35   0.000       0.000    
   70   36   0.000       0.000    
   69   26   0.000       0.000    
   69   27   0.000       0.000    
   69   28  2.9842E-12   57.74    
   69   29  4.9373E-09   2.020    
   69   30  8.0616E-08  0.3415    
   69   31  3.5131E-06  3.9785E-02
   69   32  1.4056E-09   4.621    
   69   33   0.000       0.000    
   69   34   0.000       0.000    
   69   35   0.000       0.000    
   69   36   0.000       0.000    
   68   26   0.000       0.000    
   68   27   0.000       0.000    
   68   28  6.5652E-11   13.38    
   68   29  1.1112E-08  0.8457    
   68   30  2.0740E-07  0.2615    
   68   31  1.1381E-06  5.5926E-02
   68   32  1.5219E-10   12.25    
   68   33   0.000       0.000    
   68   34   0.000       0.000    
   68   35   0.000       0.000    
   68   36   0.000       0.000    
   67   26   0.000       0.000    
   67   27  1.4921E-12   99.00    
   67   28  2.1635E-10   5.999    
   67   29  3.2654E-08  0.7650    
   67   30  1.2743E-07  0.2006    
   67   31  3.1245E-07  6.8983E-02
   67   32  4.4763E-12   33.33    
   67   33   0.000       0.000    
   67   34   0.000       0.000    
   67   35   0.000       0.000    
   67   36   0.000       0.000    
   66   26   0.000       0.000    
   66   27  2.9842E-12   57.74    
   66   28  1.2116E-09   2.568    
   66   29  5.0327E-08  0.6235    
   66   30  2.0761E-07  0.1978    
   66   31  5.5762E-08  0.2436    
   66   32   0.000       0.000    
   66   33   0.000       0.000    
   66   34   0.000       0.000    
   66   35   0.000       0.000    
   66   36   0.000       0.000    
   65   26   0.000       0.000    
   65   27  7.4605E-12   20.00    
   65   28  2.1919E-09   1.570    
   65   29  9.3471E-08  0.8371    
   65   30  8.0422E-08  0.3479    
   65   31  9.5434E-09   1.246    
   65   32   0.000       0.000    
   65   33   0.000       0.000    
   65   34   0.000       0.000    
   65   35   0.000       0.000    
   65   36   0.000       0.000    
   64   26   0.000       0.000    
   64   27  6.2668E-11   13.75    
   64   28  7.0113E-09   2.454    
   64   29  7.4517E-08  0.4062    
   64   30  3.5330E-08  0.4384    
   64   31  2.5067E-10   2.916    
   64   32   0.000       0.000    
   64   33   0.000       0.000    
   64   34   0.000       0.000    
   64   35   0.000       0.000    
   64   36   0.000       0.000    
   63   26  1.4921E-12   99.00    
   63   27  3.6407E-10   4.826    
   63   28  9.0122E-09   1.306    
   63   29  6.2468E-08  0.2748    
   63   30  1.2713E-09   2.635    
   63   31  2.9842E-12   99.00    
   63   32   0.000       0.000    
   63   33   0.000       0.000    
   63   34   0.000       0.000    
   63   35   0.000       0.000    
   63   36   0.000       0.000    
   62   26  1.0445E-11   14.29    
   62   27  7.1471E-10   4.331    
   62   28  2.3817E-08  0.4433    
   62   29  1.8703E-08  0.3155    
   62   30  6.2668E-11   6.148    
   62   31   0.000       0.000    
   62   32   0.000       0.000    
   62   33   0.000       0.000    
   62   34   0.000       0.000    
   62   35   0.000       0.000    
   62   36   0.000       0.000    
   61   26  1.6413E-11   31.05    
   61   27  1.7487E-09   3.049    
   61   28  1.0336E-08   1.320    
   61   29  3.3990E-09   1.331    
   61   30   0.000       0.000    
   61   31   0.000       0.000    
   61   32   0.000       0.000    
   61   33   0.000       0.000    
   61   34   0.000       0.000    
   61   35   0.000       0.000    
   61   36   0.000       0.000    
   60   26  8.5049E-11   11.59    
   60   27  1.9144E-09   4.689    
   60   28  5.2029E-09   2.111    
   60   29  2.3873E-11   17.68    
   60   30   0.000       0.000    
   60   31   0.000       0.000    
   60   32   0.000       0.000    
   60   33   0.000       0.000    
   60   34   0.000       0.000    
   60   35   0.000       0.000    
   60   36   0.000       0.000    
   59   26  1.4175E-10   5.537    
   59   27  2.9021E-09   2.687    
   59   28  2.3426E-10   4.809    
   59   29   0.000       0.000    
   59   30   0.000       0.000    
   59   31   0.000       0.000    
   59   32   0.000       0.000    
   59   33   0.000       0.000    
   59   34   0.000       0.000    
   59   35   0.000       0.000    
   59   36   0.000       0.000    
   58   26  6.1623E-10   8.250    
   58   27  1.1564E-09   2.122    
   58   28  8.9526E-12   43.03    
   58   29   0.000       0.000    
   58   30   0.000       0.000    
   58   31   0.000       0.000    
   58   32   0.000       0.000    
   58   33   0.000       0.000    
   58   34   0.000       0.000    
   58   35   0.000       0.000    
   58   36   0.000       0.000    
   57   26  2.2232E-10   10.98    
   57   27  1.4324E-10   15.50    
   57   28   0.000       0.000    
   57   29   0.000       0.000    
   57   30   0.000       0.000    
   57   31   0.000       0.000    
   57   32   0.000       0.000    
   57   33   0.000       0.000    
   57   34   0.000       0.000    
   57   35   0.000       0.000    
   57   36   0.000       0.000    
   56   26  4.6255E-11   13.30    
   56   27   0.000       0.000    
   56   28   0.000       0.000    
   56   29   0.000       0.000    
   56   30   0.000       0.000    
   56   31   0.000       0.000    
   56   32   0.000       0.000    
   56   33   0.000       0.000    
   56   34   0.000       0.000    
   56   35   0.000       0.000    
   56   36   0.000       0.000    
   55   26  2.9842E-12   99.00    
   55   27   0.000       0.000    
   55   28   0.000       0.000    
   55   29   0.000       0.000    
   55   30   0.000       0.000    
   55   31   0.000       0.000    
   55   32   0.000       0.000    
   55   33   0.000       0.000    
   55   34   0.000       0.000    
   55   35   0.000       0.000    
   55   36   0.000       0.000    
   60   15   0.000       0.000    
   60   16   0.000       0.000    
   60   17   0.000       0.000    
   60   18   0.000       0.000    
   60   19   0.000       0.000    
   60   20   0.000       0.000    
   60   21   0.000       0.000    
   60   22   0.000       0.000    
   60   23   0.000       0.000    
   60   24   0.000       0.000    
   60   25  1.4921E-12   99.00    
   59   15   0.000       0.000    
   59   16   0.000       0.000    
   59   17   0.000       0.000    
   59   18   0.000       0.000    
   59   19   0.000       0.000    
   59   20   0.000       0.000    
   59   21   0.000       0.000    
   59   22   0.000       0.000    
   59   23   0.000       0.000    
   59   24   0.000       0.000    
   59   25  4.4763E-12   63.83    
   58   15   0.000       0.000    
   58   16   0.000       0.000    
   58   17   0.000       0.000    
   58   18   0.000       0.000    
   58   19   0.000       0.000    
   58   20   0.000       0.000    
   58   21   0.000       0.000    
   58   22   0.000       0.000    
   58   23   0.000       0.000    
   58   24   0.000       0.000    
   58   25  1.0445E-11   48.80    
   57   15   0.000       0.000    
   57   16   0.000       0.000    
   57   17   0.000       0.000    
   57   18   0.000       0.000    
   57   19   0.000       0.000    
   57   20   0.000       0.000    
   57   21   0.000       0.000    
   57   22   0.000       0.000    
   57   23   0.000       0.000    
   57   24   0.000       0.000    
   57   25  5.6699E-11   16.36    
   56   15   0.000       0.000    
   56   16   0.000       0.000    
   56   17   0.000       0.000    
   56   18   0.000       0.000    
   56   19   0.000       0.000    
   56   20   0.000       0.000    
   56   21   0.000       0.000    
   56   22   0.000       0.000    
   56   23   0.000       0.000    
   56   24  2.9842E-12   57.74    
   56   25  6.5652E-11   12.86    
   55   15   0.000       0.000    
   55   16   0.000       0.000    
   55   17   0.000       0.000    
   55   18   0.000       0.000    
   55   19   0.000       0.000    
   55   20   0.000       0.000    
   55   21   0.000       0.000    
   55   22   0.000       0.000    
   55   23   0.000       0.000    
   55   24   0.000       0.000    
   55   25  7.0128E-11   15.29    
   54   15   0.000       0.000    
   54   16   0.000       0.000    
   54   17   0.000       0.000    
   54   18   0.000       0.000    
   54   19   0.000       0.000    
   54   20   0.000       0.000    
   54   21   0.000       0.000    
   54   22   0.000       0.000    
   54   23  1.4921E-12   99.00    
   54   24  7.4605E-12   50.33    
   54   25  2.9842E-11   23.09    
   53   15   0.000       0.000    
   53   16   0.000       0.000    
   53   17   0.000       0.000    
   53   18   0.000       0.000    
   53   19   0.000       0.000    
   53   20   0.000       0.000    
   53   21   0.000       0.000    
   53   22   0.000       0.000    
   53   23  1.4921E-12   99.00    
   53   24  7.4605E-12   38.30    
   53   25  7.4605E-12   38.30    
   52   15   0.000       0.000    
   52   16   0.000       0.000    
   52   17   0.000       0.000    
   52   18   0.000       0.000    
   52   19   0.000       0.000    
   52   20   0.000       0.000    
   52   21   0.000       0.000    
   52   22   0.000       0.000    
   52   23  4.4763E-12   33.33    
   52   24  7.4605E-12   20.00    
   52   25   0.000       0.000    
   51   15   0.000       0.000    
   51   16   0.000       0.000    
   51   17   0.000       0.000    
   51   18   0.000       0.000    
   51   19   0.000       0.000    
   51   20   0.000       0.000    
   51   21   0.000       0.000    
   51   22   0.000       0.000    
   51   23  7.4605E-12   20.00    
   51   24  1.4921E-12   99.00    
   51   25   0.000       0.000    
   50   15   0.000       0.000    
   50   16   0.000       0.000    
   50   17   0.000       0.000    
   50   18   0.000       0.000    
   50   19   0.000       0.000    
   50   20   0.000       0.000    
   50   21   0.000       0.000    
   50   22  1.4921E-12   99.00    
   50   23  5.9684E-12   57.74    
   50   24   0.000       0.000    
   50   25   0.000       0.000    
   49   15   0.000       0.000    
   49   16   0.000       0.000    
   49   17   0.000       0.000    
   49   18   0.000       0.000    
   49   19   0.000       0.000    
   49   20   0.000       0.000    
   49   21   0.000       0.000    
   49   22   0.000       0.000    
   49   23   0.000       0.000    
   49   24   0.000       0.000    
   49   25   0.000       0.000    
   48   15   0.000       0.000    
   48   16   0.000       0.000    
   48   17   0.000       0.000    
   48   18   0.000       0.000    
   48   19   0.000       0.000    
   48   20   0.000       0.000    
   48   21   0.000       0.000    
   48   22   0.000       0.000    
   48   23   0.000       0.000    
   48   24   0.000       0.000    
   48   25   0.000       0.000    
   47   15   0.000       0.000    
   47   16   0.000       0.000    
   47   17   0.000       0.000    
   47   18   0.000       0.000    
   47   19   0.000       0.000    
   47   20   0.000       0.000    
   47   21   0.000       0.000    
   47   22   0.000       0.000    
   47   23   0.000       0.000    
   47   24   0.000       0.000    
   47   25   0.000       0.000    
   46   15   0.000       0.000    
   46   16   0.000       0.000    
   46   17   0.000       0.000    
   46   18   0.000       0.000    
   46   19   0.000       0.000    
   46   20   0.000       0.000    
   46   21   0.000       0.000    
   46   22   0.000       0.000    
   46   23   0.000       0.000    
   46   24   0.000       0.000    
   46   25   0.000       0.000    
   45   15   0.000       0.000    
   45   16   0.000       0.000    
   45   17   0.000       0.000    
   45   18   0.000       0.000    
   45   19   0.000       0.000    
   45   20   0.000       0.000    
   45   21   0.000       0.000    
   45   22   0.000       0.000    
   45   23   0.000       0.000    
   45   24   0.000       0.000    
   45   25   0.000       0.000    
   44   15   0.000       0.000    
   44   16   0.000       0.000    
   44   17   0.000       0.000    
   44   18   0.000       0.000    
   44   19   0.000       0.000    
   44   20   0.000       0.000    
   44   21   0.000       0.000    
   44   22   0.000       0.000    
   44   23   0.000       0.000    
   44   24   0.000       0.000    
   44   25   0.000       0.000    
   43   15   0.000       0.000    
   43   16   0.000       0.000    
   43   17   0.000       0.000    
   43   18   0.000       0.000    
   43   19   0.000       0.000    
   43   20   0.000       0.000    
   43   21   0.000       0.000    
   43   22   0.000       0.000    
   43   23   0.000       0.000    
   43   24   0.000       0.000    
   43   25   0.000       0.000    
   42   15   0.000       0.000    
   42   16   0.000       0.000    
   42   17   0.000       0.000    
   42   18   0.000       0.000    
   42   19   0.000       0.000    
   42   20   0.000       0.000    
   42   21   0.000       0.000    
   42   22   0.000       0.000    
   42   23   0.000       0.000    
   42   24   0.000       0.000    
   42   25   0.000       0.000    
   41   15   0.000       0.000    
   41   16   0.000       0.000    
   41   17   0.000       0.000    
   41   18   0.000       0.000    
   41   19   0.000       0.000    
   41   20   0.000       0.000    
   41   21   0.000       0.000    
   41   22   0.000       0.000    
   41   23   0.000       0.000    
   41   24   0.000       0.000    
   41   25   0.000       0.000    
   40   15   0.000       0.000    
   40   16   0.000       0.000    
   40   17   0.000       0.000    
   40   18   0.000       0.000    
   40   19   0.000       0.000    
   40   20   0.000       0.000    
   40   21   0.000       0.000    
   40   22   0.000       0.000    
   40   23   0.000       0.000    
   40   24   0.000       0.000    
   40   25   0.000       0.000    
   39   15   0.000       0.000    
   39   16   0.000       0.000    
   39   17  5.9684E-12   40.82    
   39   18   0.000       0.000    
   39   19   0.000       0.000    
   39   20   0.000       0.000    
   39   21   0.000       0.000    
   39   22   0.000       0.000    
   39   23   0.000       0.000    
   39   24   0.000       0.000    
   39   25   0.000       0.000    
   38   15   0.000       0.000    
   38   16   0.000       0.000    
   38   17   0.000       0.000    
   38   18   0.000       0.000    
   38   19   0.000       0.000    
   38   20   0.000       0.000    
   38   21   0.000       0.000    
   38   22   0.000       0.000    
   38   23   0.000       0.000    
   38   24   0.000       0.000    
   38   25   0.000       0.000    
   37   15   0.000       0.000    
   37   16   0.000       0.000    
   37   17  1.4921E-12   99.00    
   37   18   0.000       0.000    
   37   19   0.000       0.000    
   37   20   0.000       0.000    
   37   21   0.000       0.000    
   37   22   0.000       0.000    
   37   23   0.000       0.000    
   37   24   0.000       0.000    
   37   25   0.000       0.000    
   18    4   0.000       0.000    
   18    5   0.000       0.000    
   18    6   0.000       0.000    
   18    7   0.000       0.000    
   18    8  1.4921E-12   99.00    
   18    9   0.000       0.000    
   18   10   0.000       0.000    
   18   11   0.000       0.000    
   18   12   0.000       0.000    
   18   13   0.000       0.000    
   18   14   0.000       0.000    
   17    4   0.000       0.000    
   17    5   0.000       0.000    
   17    6   0.000       0.000    
   17    7   0.000       0.000    
   17    8  5.9684E-12   70.71    
   17    9   0.000       0.000    
   17   10   0.000       0.000    
   17   11   0.000       0.000    
   17   12   0.000       0.000    
   17   13   0.000       0.000    
   17   14   0.000       0.000    
   16    4   0.000       0.000    
   16    5   0.000       0.000    
   16    6   0.000       0.000    
   16    7  7.4605E-12   50.33    
   16    8  2.9842E-12   57.74    
   16    9   0.000       0.000    
   16   10   0.000       0.000    
   16   11   0.000       0.000    
   16   12   0.000       0.000    
   16   13   0.000       0.000    
   16   14   0.000       0.000    
   15    4   0.000       0.000    
   15    5   0.000       0.000    
   15    6  2.9842E-12   99.00    
   15    7  3.8794E-11   4.441    
   15    8   0.000       0.000    
   15    9   0.000       0.000    
   15   10   0.000       0.000    
   15   11   0.000       0.000    
   15   12   0.000       0.000    
   15   13   0.000       0.000    
   15   14   0.000       0.000    
   14    4   0.000       0.000    
   14    5   0.000       0.000    
   14    6  5.2223E-11   7.190    
   14    7  2.9842E-12   57.74    
   14    8   0.000       0.000    
   14    9   0.000       0.000    
   14   10   0.000       0.000    
   14   11   0.000       0.000    
   14   12   0.000       0.000    
   14   13   0.000       0.000    
   14   14   0.000       0.000    
   13    4   0.000       0.000    
   13    5  2.9842E-12   57.74    
   13    6  7.3113E-11   6.971    
   13    7   0.000       0.000    
   13    8   0.000       0.000    
   13    9   0.000       0.000    
   13   10   0.000       0.000    
   13   11   0.000       0.000    
   13   12   0.000       0.000    
   13   13   0.000       0.000    
   13   14   0.000       0.000    
   12    4   0.000       0.000    
   12    5  1.7905E-11   36.00    
   12    6  5.6699E-11   25.24    
   12    7   0.000       0.000    
   12    8   0.000       0.000    
   12    9   0.000       0.000    
   12   10   0.000       0.000    
   12   11   0.000       0.000    
   12   12   0.000       0.000    
   12   13   0.000       0.000    
   12   14   0.000       0.000    
   11    4  2.9842E-12   57.74    
   11    5  3.8794E-11   9.931    
   11    6  4.4763E-12   33.33    
   11    7   0.000       0.000    
   11    8   0.000       0.000    
   11    9   0.000       0.000    
   11   10   0.000       0.000    
   11   11   0.000       0.000    
   11   12   0.000       0.000    
   11   13   0.000       0.000    
   11   14   0.000       0.000    
   10    4  3.8794E-11   16.01    
   10    5  1.1937E-11   20.41    
   10    6   0.000       0.000    
   10    7   0.000       0.000    
   10    8   0.000       0.000    
   10    9   0.000       0.000    
   10   10   0.000       0.000    
   10   11   0.000       0.000    
   10   12   0.000       0.000    
   10   13   0.000       0.000    
   10   14   0.000       0.000    
    9    4  5.9684E-11   17.32    
    9    5   0.000       0.000    
    9    6   0.000       0.000    
    9    7   0.000       0.000    
    9    8   0.000       0.000    
    9    9   0.000       0.000    
    9   10   0.000       0.000    
    9   11   0.000       0.000    
    9   12   0.000       0.000    
    9   13   0.000       0.000    
    9   14   0.000       0.000    
    8    4   0.000       0.000    
    8    5   0.000       0.000    
    8    6   0.000       0.000    
    8    7   0.000       0.000    
    8    8   0.000       0.000    
    8    9   0.000       0.000    
    8   10   0.000       0.000    
    8   11   0.000       0.000    
    8   12   0.000       0.000    
    8   13   0.000       0.000    
    8   14   0.000       0.000    
    7    4  4.4763E-12   63.83    
    7    5   0.000       0.000    
    7    6   0.000       0.000    
    7    7   0.000       0.000    
    7    8   0.000       0.000    
    7    9   0.000       0.000    
    7   10   0.000       0.000    
    7   11   0.000       0.000    
    7   12   0.000       0.000    
    7   13   0.000       0.000    
    7   14   0.000       0.000    
    9    1   0.000       0.000    
    9    2   0.000       0.000    
    9    3  1.4921E-12   99.00    
    8    1   0.000       0.000    
    8    2   0.000       0.000    
    8    3  2.0889E-11   34.01    
    7    1   0.000       0.000    
    7    2   0.000       0.000    
    7    3  2.6708E-10   4.218    
    6    1   0.000       0.000    
    6    2  2.0740E-10   6.581    
    6    3  1.8800E-10   12.46    
    5    1   0.000       0.000    
    5    2   0.000       0.000    
    5    3   0.000       0.000    
    4    1   0.000       0.000    
    4    2  3.7534E-07  0.2406    
    4    3   0.000       0.000    
    3    1  3.7607E-08  0.4953    
    3    2  1.3966E-09   3.502    
    3    3   0.000       0.000    
    2    1  1.5638E-07  5.0617E-02
    2    2   0.000       0.000    
    2    3   0.000       0.000    
    1    1  8.2629E-07  0.1484    
    1    2   0.000       0.000    
    1    3   0.000       0.000    
