  **** Ge-isotropic-10keV-muon-in-20cm-sphere_99.rnc ****


  Total primaries run:        20000000

    Total weight of the primaries run:   20000000.0    


  Detector n:            1   Geres     
     (Region           5  Volume:     33510.0000      cmc,
      distr. type  :           3    ,
      Z_max:          36 , N-Z_max:          15 , N-Z_min:          -4 )

     Tot. response (n/cmc/pr)   2.89794734E-05   +/-   9.04273428E-03  %
     ( --> Nuclei/pr           0.971102178       +/-   9.04273428E-03  % )

  **** Isotope Yield as a function of Mass Number **** ****            (nuclei / cmc / pr)             ****


  A_min:           1  -  A_max:          87

  A:           78  2.9841839E-12 +/-   5.7735027E+01 %
  A:           77  5.9683677E-12 +/-   4.0824829E+01 %
  A:           76  4.1542525E-07 +/-   2.4882274E-01 %
  A:           75  9.2147120E-07 +/-   1.1841008E-01 %
  A:           74  2.6183184E-06 +/-   7.0595558E-02 %
  A:           73  5.0880319E-06 +/-   2.9650876E-02 %
  A:           72  4.1083259E-06 +/-   3.5382327E-02 %
  A:           71  4.8872218E-06 +/-   1.5641165E-02 %
  A:           70  3.3501895E-06 +/-   6.5490320E-02 %
  A:           69  3.6000984E-06 +/-   3.4798201E-02 %
  A:           68  1.3568398E-06 +/-   1.7383709E-02 %
  A:           67  4.7275738E-07 +/-   4.7507914E-02 %
  A:           66  3.1491644E-07 +/-   1.7876816E-01 %
  A:           65  1.8563563E-07 +/-   3.3528394E-01 %
  A:           64  1.1717099E-07 +/-   1.2001789E-01 %
  A:           63  7.3119965E-08 +/-   3.4915126E-01 %
  A:           62  4.3307967E-08 +/-   1.1285644E-01 %
  A:           61  1.5499851E-08 +/-   8.7722637E-01 %
  A:           60  7.2276933E-09 +/-   2.3963757E+00 %
  A:           59  3.2826022E-09 +/-   2.2793846E+00 %
  A:           58  1.7920024E-09 +/-   3.9299059E+00 %
  A:           57  4.2226201E-10 +/-   8.5465627E+00 %
  A:           56  1.1489108E-10 +/-   6.1374230E+00 %
  A:           55  7.3112504E-11 +/-   1.4669291E+01 %
  A:           54  3.8794390E-11 +/-   2.3076923E+01 %
  A:           53  1.6413011E-11 +/-   2.7272727E+01 %
  A:           52  1.1936735E-11 +/-   2.0412415E+01 %
  A:           51  8.9525516E-12 +/-   1.9245009E+01 %
  A:           50  7.4604597E-12 +/-   3.8297084E+01 %
  A:           39  5.9683677E-12 +/-   4.0824829E+01 %
  A:           37  1.4920919E-12 +/-   9.9000000E+01 %
  A:           18  1.4920919E-12 +/-   9.9000000E+01 %
  A:           17  5.9683676E-12 +/-   7.0710678E+01 %
  A:           16  1.0444643E-11 +/-   4.8795003E+01 %
  A:           15  4.1778573E-11 +/-   1.0101526E+01 %
  A:           14  5.5207401E-11 +/-   9.2314867E+00 %
  A:           13  7.6096688E-11 +/-   5.8823541E+00 %
  A:           12  7.4604594E-11 +/-   2.2744963E+01 %
  A:           11  4.6254849E-11 +/-   3.2258070E+00 %
  A:           10  5.0731125E-11 +/-   1.2245094E+01 %
  A:            9  6.1175770E-11 +/-   1.7531593E+01 %
  A:            8  2.0889287E-11 +/-   3.4006802E+01 %
  A:            7  2.7156072E-10 +/-   3.1722552E+00 %
  A:            6  3.9540435E-10 +/-   9.1892803E+00 %
  A:            4  3.7534318E-07 +/-   2.4059021E-01 %
  A:            3  3.9003283E-08 +/-   5.4047351E-01 %
  A:            2  1.5638466E-07 +/-   5.0616569E-02 %
  A:            1  8.2628766E-07 +/-   1.4844119E-01 %

  **** Isotope Yield as a function of Atomic Number **** ****            (nuclei / cmc / pr)               ****


  Z_min:           1  -  Z_max:          36

  Z:           34  8.9525516E-12 +/-   1.9245009E+01 %
  Z:           33  5.2969263E-10 +/-   8.3483632E+00 %
  Z:           32  9.0569979E-09 +/-   6.0186260E-01 %
  Z:           31  2.6297710E-05 +/-   9.0853248E-03 %
  Z:           30  8.5172038E-07 +/-   4.7394274E-02 %
  Z:           29  3.5254252E-07 +/-   2.9747257E-01 %
  Z:           28  5.9310654E-08 +/-   3.8991797E-01 %
  Z:           27  9.0182035E-09 +/-   1.0904874E+00 %
  Z:           26  1.1429424E-09 +/-   4.2073569E+00 %
  Z:           25  2.4619517E-10 +/-   9.5121273E+00 %
  Z:           24  2.6857655E-11 +/-   1.4344383E+01 %
  Z:           23  2.0889287E-11 +/-   2.4743583E+01 %
  Z:           22  1.4920919E-12 +/-   9.9000000E+01 %
  Z:           17  7.4604597E-12 +/-   5.0332230E+01 %
  Z:            8  1.0444643E-11 +/-   4.8795003E+01 %
  Z:            7  4.9239033E-11 +/-   5.8025886E+00 %
  Z:            6  1.8949567E-10 +/-   9.7396193E+00 %
  Z:            5  7.1620412E-11 +/-   3.4020698E+00 %
  Z:            4  1.0593853E-10 +/-   1.0123878E+01 %
  Z:            3  4.7746940E-10 +/-   1.8399501E+00 %
  Z:            2  3.7694718E-07 +/-   2.5199194E-01 %
  Z:            1  1.0202790E-06 +/-   1.0552573E-01 %

  **** Residual nuclei distribution  **** ****    (nuclei / cmc / pr)        ****



  A \ Z   26         27         28         29         30         31         32         33         34         35         36
  78   0.00E+00   0.00E+00   0.00E+00   0.00E+00   0.00E+00   0.00E+00   0.00E+00   0.00E+00   2.98E-12   0.00E+00   0.00E+00
      +/- 0.0 %  +/- 0.0 %  +/- 0.0 %  +/- 0.0 %  +/- 0.0 %  +/- 0.0 %  +/- 0.0 %  +/- 0.0 %  +/-57.7 %  +/- 0.0 %  +/- 0.0 %
  77   0.00E+00   0.00E+00   0.00E+00   0.00E+00   0.00E+00   0.00E+00   0.00E+00   2.98E-12   2.98E-12   0.00E+00   0.00E+00
      +/- 0.0 %  +/- 0.0 %  +/- 0.0 %  +/- 0.0 %  +/- 0.0 %  +/- 0.0 %  +/- 0.0 %  +/-57.7 %  +/-57.7 %  +/- 0.0 %  +/- 0.0 %
  76   0.00E+00   0.00E+00   0.00E+00   0.00E+00   0.00E+00   4.15E-07   2.24E-11   2.98E-11   0.00E+00   0.00E+00   0.00E+00
      +/- 0.0 %  +/- 0.0 %  +/- 0.0 %  +/- 0.0 %  +/- 0.0 %  +/- 0.3 %  +/-44.1 %  +/-29.4 %  +/- 0.0 %  +/- 0.0 %  +/- 0.0 %
  75   0.00E+00   0.00E+00   0.00E+00   0.00E+00   2.01E-10   9.21E-07   4.55E-10   5.22E-11   1.49E-12   0.00E+00   0.00E+00
      +/- 0.0 %  +/- 0.0 %  +/- 0.0 %  +/- 0.0 %  +/- 6.7 %  +/- 0.1 %  +/- 6.6 %  +/-16.4 %  +/-99.0 %  +/- 0.0 %  +/- 0.0 %
  74   0.00E+00   0.00E+00   0.00E+00   0.00E+00   1.09E-09   2.62E-06   3.30E-10   1.48E-10   0.00E+00   0.00E+00   0.00E+00
      +/- 0.0 %  +/- 0.0 %  +/- 0.0 %  +/- 0.0 %  +/- 4.1 %  +/- 0.1 %  +/- 5.8 %  +/- 7.8 %  +/- 0.0 %  +/- 0.0 %  +/- 0.0 %
  73   0.00E+00   0.00E+00   0.00E+00   0.00E+00   3.11E-09   5.08E-06   2.50E-09   1.42E-10   1.49E-12   0.00E+00   0.00E+00
      +/- 0.0 %  +/- 0.0 %  +/- 0.0 %  +/- 0.0 %  +/- 1.8 %  +/- 0.0 %  +/- 2.2 %  +/- 3.2 %  +/-99.0 %  +/- 0.0 %  +/- 0.0 %
  72   0.00E+00   0.00E+00   0.00E+00   1.34E-11   1.83E-08   4.09E-06   1.61E-09   1.12E-10   0.00E+00   0.00E+00   0.00E+00
      +/- 0.0 %  +/- 0.0 %  +/- 0.0 %  +/-21.3 %  +/- 0.6 %  +/- 0.0 %  +/- 3.1 %  +/-10.3 %  +/- 0.0 %  +/- 0.0 %  +/- 0.0 %
  71   0.00E+00   0.00E+00   0.00E+00   1.57E-10   2.04E-08   4.86E-06   2.08E-09   2.83E-11   0.00E+00   0.00E+00   0.00E+00
      +/- 0.0 %  +/- 0.0 %  +/- 0.0 %  +/-13.1 %  +/- 0.4 %  +/- 0.0 %  +/- 2.9 %  +/-13.2 %  +/- 0.0 %  +/- 0.0 %  +/- 0.0 %
  70   0.00E+00   0.00E+00   0.00E+00   7.61E-10   6.85E-08   3.28E-06   5.06E-10   1.49E-11   0.00E+00   0.00E+00   0.00E+00
      +/- 0.0 %  +/- 0.0 %  +/- 0.0 %  +/- 3.8 %  +/- 0.4 %  +/- 0.1 %  +/- 6.4 %  +/-38.3 %  +/- 0.0 %  +/- 0.0 %  +/- 0.0 %
  69   0.00E+00   0.00E+00   2.98E-12   4.94E-09   8.06E-08   3.51E-06   1.41E-09   0.00E+00   0.00E+00   0.00E+00   0.00E+00
      +/- 0.0 %  +/- 0.0 %  +/-57.7 %  +/- 2.0 %  +/- 0.3 %  +/- 0.0 %  +/- 4.6 %  +/- 0.0 %  +/- 0.0 %  +/- 0.0 %  +/- 0.0 %
  68   0.00E+00   0.00E+00   6.57E-11   1.11E-08   2.07E-07   1.14E-06   1.52E-10   0.00E+00   0.00E+00   0.00E+00   0.00E+00
      +/- 0.0 %  +/- 0.0 %  +/-13.4 %  +/- 0.8 %  +/- 0.3 %  +/- 0.1 %  +/-12.2 %  +/- 0.0 %  +/- 0.0 %  +/- 0.0 %  +/- 0.0 %
  67   0.00E+00   1.49E-12   2.16E-10   3.27E-08   1.27E-07   3.12E-07   4.48E-12   0.00E+00   0.00E+00   0.00E+00   0.00E+00
      +/- 0.0 %  +/-99.0 %  +/- 6.0 %  +/- 0.8 %  +/- 0.2 %  +/- 0.1 %  +/-33.3 %  +/- 0.0 %  +/- 0.0 %  +/- 0.0 %  +/- 0.0 %
  66   0.00E+00   2.98E-12   1.21E-09   5.03E-08   2.08E-07   5.58E-08   0.00E+00   0.00E+00   0.00E+00   0.00E+00   0.00E+00
      +/- 0.0 %  +/-57.7 %  +/- 2.6 %  +/- 0.6 %  +/- 0.2 %  +/- 0.2 %  +/- 0.0 %  +/- 0.0 %  +/- 0.0 %  +/- 0.0 %  +/- 0.0 %
  65   0.00E+00   7.46E-12   2.19E-09   9.35E-08   8.04E-08   9.54E-09   0.00E+00   0.00E+00   0.00E+00   0.00E+00   0.00E+00
      +/- 0.0 %  +/-20.0 %  +/- 1.6 %  +/- 0.8 %  +/- 0.3 %  +/- 1.2 %  +/- 0.0 %  +/- 0.0 %  +/- 0.0 %  +/- 0.0 %  +/- 0.0 %
  64   0.00E+00   6.27E-11   7.01E-09   7.45E-08   3.53E-08   2.51E-10   0.00E+00   0.00E+00   0.00E+00   0.00E+00   0.00E+00
      +/- 0.0 %  +/-13.7 %  +/- 2.5 %  +/- 0.4 %  +/- 0.4 %  +/- 2.9 %  +/- 0.0 %  +/- 0.0 %  +/- 0.0 %  +/- 0.0 %  +/- 0.0 %
  63   1.49E-12   3.64E-10   9.01E-09   6.25E-08   1.27E-09   2.98E-12   0.00E+00   0.00E+00   0.00E+00   0.00E+00   0.00E+00
      +/-99.0 %  +/- 4.8 %  +/- 1.3 %  +/- 0.3 %  +/- 2.6 %  +/-99.0 %  +/- 0.0 %  +/- 0.0 %  +/- 0.0 %  +/- 0.0 %  +/- 0.0 %
  62   1.04E-11   7.15E-10   2.38E-08   1.87E-08   6.27E-11   0.00E+00   0.00E+00   0.00E+00   0.00E+00   0.00E+00   0.00E+00
      +/-14.3 %  +/- 4.3 %  +/- 0.4 %  +/- 0.3 %  +/- 6.1 %  +/- 0.0 %  +/- 0.0 %  +/- 0.0 %  +/- 0.0 %  +/- 0.0 %  +/- 0.0 %
  61   1.64E-11   1.75E-09   1.03E-08   3.40E-09   0.00E+00   0.00E+00   0.00E+00   0.00E+00   0.00E+00   0.00E+00   0.00E+00
      +/-31.1 %  +/- 3.0 %  +/- 1.3 %  +/- 1.3 %  +/- 0.0 %  +/- 0.0 %  +/- 0.0 %  +/- 0.0 %  +/- 0.0 %  +/- 0.0 %  +/- 0.0 %
  60   8.50E-11   1.91E-09   5.20E-09   2.39E-11   0.00E+00   0.00E+00   0.00E+00   0.00E+00   0.00E+00   0.00E+00   0.00E+00
      +/-11.6 %  +/- 4.7 %  +/- 2.1 %  +/-17.7 %  +/- 0.0 %  +/- 0.0 %  +/- 0.0 %  +/- 0.0 %  +/- 0.0 %  +/- 0.0 %  +/- 0.0 %
  59   1.42E-10   2.90E-09   2.34E-10   0.00E+00   0.00E+00   0.00E+00   0.00E+00   0.00E+00   0.00E+00   0.00E+00   0.00E+00
      +/- 5.5 %  +/- 2.7 %  +/- 4.8 %  +/- 0.0 %  +/- 0.0 %  +/- 0.0 %  +/- 0.0 %  +/- 0.0 %  +/- 0.0 %  +/- 0.0 %  +/- 0.0 %
  58   6.16E-10   1.16E-09   8.95E-12   0.00E+00   0.00E+00   0.00E+00   0.00E+00   0.00E+00   0.00E+00   0.00E+00   0.00E+00
      +/- 8.3 %  +/- 2.1 %  +/-43.0 %  +/- 0.0 %  +/- 0.0 %  +/- 0.0 %  +/- 0.0 %  +/- 0.0 %  +/- 0.0 %  +/- 0.0 %  +/- 0.0 %
  57   2.22E-10   1.43E-10   0.00E+00   0.00E+00   0.00E+00   0.00E+00   0.00E+00   0.00E+00   0.00E+00   0.00E+00   0.00E+00
      +/-11.0 %  +/-15.5 %  +/- 0.0 %  +/- 0.0 %  +/- 0.0 %  +/- 0.0 %  +/- 0.0 %  +/- 0.0 %  +/- 0.0 %  +/- 0.0 %  +/- 0.0 %
  56   4.63E-11   0.00E+00   0.00E+00   0.00E+00   0.00E+00   0.00E+00   0.00E+00   0.00E+00   0.00E+00   0.00E+00   0.00E+00
      +/-13.3 %  +/- 0.0 %  +/- 0.0 %  +/- 0.0 %  +/- 0.0 %  +/- 0.0 %  +/- 0.0 %  +/- 0.0 %  +/- 0.0 %  +/- 0.0 %  +/- 0.0 %
  55   2.98E-12   0.00E+00   0.00E+00   0.00E+00   0.00E+00   0.00E+00   0.00E+00   0.00E+00   0.00E+00   0.00E+00   0.00E+00
      +/-99.0 %  +/- 0.0 %  +/- 0.0 %  +/- 0.0 %  +/- 0.0 %  +/- 0.0 %  +/- 0.0 %  +/- 0.0 %  +/- 0.0 %  +/- 0.0 %  +/- 0.0 %

  A \ Z   15         16         17         18         19         20         21         22         23         24         25
  60   0.00E+00   0.00E+00   0.00E+00   0.00E+00   0.00E+00   0.00E+00   0.00E+00   0.00E+00   0.00E+00   0.00E+00   1.49E-12
      +/- 0.0 %  +/- 0.0 %  +/- 0.0 %  +/- 0.0 %  +/- 0.0 %  +/- 0.0 %  +/- 0.0 %  +/- 0.0 %  +/- 0.0 %  +/- 0.0 %  +/-99.0 %
  59   0.00E+00   0.00E+00   0.00E+00   0.00E+00   0.00E+00   0.00E+00   0.00E+00   0.00E+00   0.00E+00   0.00E+00   4.48E-12
      +/- 0.0 %  +/- 0.0 %  +/- 0.0 %  +/- 0.0 %  +/- 0.0 %  +/- 0.0 %  +/- 0.0 %  +/- 0.0 %  +/- 0.0 %  +/- 0.0 %  +/-63.8 %
  58   0.00E+00   0.00E+00   0.00E+00   0.00E+00   0.00E+00   0.00E+00   0.00E+00   0.00E+00   0.00E+00   0.00E+00   1.04E-11
      +/- 0.0 %  +/- 0.0 %  +/- 0.0 %  +/- 0.0 %  +/- 0.0 %  +/- 0.0 %  +/- 0.0 %  +/- 0.0 %  +/- 0.0 %  +/- 0.0 %  +/-48.8 %
  57   0.00E+00   0.00E+00   0.00E+00   0.00E+00   0.00E+00   0.00E+00   0.00E+00   0.00E+00   0.00E+00   0.00E+00   5.67E-11
      +/- 0.0 %  +/- 0.0 %  +/- 0.0 %  +/- 0.0 %  +/- 0.0 %  +/- 0.0 %  +/- 0.0 %  +/- 0.0 %  +/- 0.0 %  +/- 0.0 %  +/-16.4 %
  56   0.00E+00   0.00E+00   0.00E+00   0.00E+00   0.00E+00   0.00E+00   0.00E+00   0.00E+00   0.00E+00   2.98E-12   6.57E-11
      +/- 0.0 %  +/- 0.0 %  +/- 0.0 %  +/- 0.0 %  +/- 0.0 %  +/- 0.0 %  +/- 0.0 %  +/- 0.0 %  +/- 0.0 %  +/-57.7 %  +/-12.9 %
  55   0.00E+00   0.00E+00   0.00E+00   0.00E+00   0.00E+00   0.00E+00   0.00E+00   0.00E+00   0.00E+00   0.00E+00   7.01E-11
      +/- 0.0 %  +/- 0.0 %  +/- 0.0 %  +/- 0.0 %  +/- 0.0 %  +/- 0.0 %  +/- 0.0 %  +/- 0.0 %  +/- 0.0 %  +/- 0.0 %  +/-15.3 %
  54   0.00E+00   0.00E+00   0.00E+00   0.00E+00   0.00E+00   0.00E+00   0.00E+00   0.00E+00   1.49E-12   7.46E-12   2.98E-11
      +/- 0.0 %  +/- 0.0 %  +/- 0.0 %  +/- 0.0 %  +/- 0.0 %  +/- 0.0 %  +/- 0.0 %  +/- 0.0 %  +/-99.0 %  +/-50.3 %  +/-23.1 %
  53   0.00E+00   0.00E+00   0.00E+00   0.00E+00   0.00E+00   0.00E+00   0.00E+00   0.00E+00   1.49E-12   7.46E-12   7.46E-12
      +/- 0.0 %  +/- 0.0 %  +/- 0.0 %  +/- 0.0 %  +/- 0.0 %  +/- 0.0 %  +/- 0.0 %  +/- 0.0 %  +/-99.0 %  +/-38.3 %  +/-38.3 %
  52   0.00E+00   0.00E+00   0.00E+00   0.00E+00   0.00E+00   0.00E+00   0.00E+00   0.00E+00   4.48E-12   7.46E-12   0.00E+00
      +/- 0.0 %  +/- 0.0 %  +/- 0.0 %  +/- 0.0 %  +/- 0.0 %  +/- 0.0 %  +/- 0.0 %  +/- 0.0 %  +/-33.3 %  +/-20.0 %  +/- 0.0 %
  51   0.00E+00   0.00E+00   0.00E+00   0.00E+00   0.00E+00   0.00E+00   0.00E+00   0.00E+00   7.46E-12   1.49E-12   0.00E+00
      +/- 0.0 %  +/- 0.0 %  +/- 0.0 %  +/- 0.0 %  +/- 0.0 %  +/- 0.0 %  +/- 0.0 %  +/- 0.0 %  +/-20.0 %  +/-99.0 %  +/- 0.0 %
  50   0.00E+00   0.00E+00   0.00E+00   0.00E+00   0.00E+00   0.00E+00   0.00E+00   1.49E-12   5.97E-12   0.00E+00   0.00E+00
      +/- 0.0 %  +/- 0.0 %  +/- 0.0 %  +/- 0.0 %  +/- 0.0 %  +/- 0.0 %  +/- 0.0 %  +/-99.0 %  +/-57.7 %  +/- 0.0 %  +/- 0.0 %
  39   0.00E+00   0.00E+00   5.97E-12   0.00E+00   0.00E+00   0.00E+00   0.00E+00   0.00E+00   0.00E+00   0.00E+00   0.00E+00
      +/- 0.0 %  +/- 0.0 %  +/-40.8 %  +/- 0.0 %  +/- 0.0 %  +/- 0.0 %  +/- 0.0 %  +/- 0.0 %  +/- 0.0 %  +/- 0.0 %  +/- 0.0 %
  37   0.00E+00   0.00E+00   1.49E-12   0.00E+00   0.00E+00   0.00E+00   0.00E+00   0.00E+00   0.00E+00   0.00E+00   0.00E+00
      +/- 0.0 %  +/- 0.0 %  +/-99.0 %  +/- 0.0 %  +/- 0.0 %  +/- 0.0 %  +/- 0.0 %  +/- 0.0 %  +/- 0.0 %  +/- 0.0 %  +/- 0.0 %

  A \ Z    4          5          6          7          8          9         10         11         12         13         14
  18   0.00E+00   0.00E+00   0.00E+00   0.00E+00   1.49E-12   0.00E+00   0.00E+00   0.00E+00   0.00E+00   0.00E+00   0.00E+00
      +/- 0.0 %  +/- 0.0 %  +/- 0.0 %  +/- 0.0 %  +/-99.0 %  +/- 0.0 %  +/- 0.0 %  +/- 0.0 %  +/- 0.0 %  +/- 0.0 %  +/- 0.0 %
  17   0.00E+00   0.00E+00   0.00E+00   0.00E+00   5.97E-12   0.00E+00   0.00E+00   0.00E+00   0.00E+00   0.00E+00   0.00E+00
      +/- 0.0 %  +/- 0.0 %  +/- 0.0 %  +/- 0.0 %  +/-70.7 %  +/- 0.0 %  +/- 0.0 %  +/- 0.0 %  +/- 0.0 %  +/- 0.0 %  +/- 0.0 %
  16   0.00E+00   0.00E+00   0.00E+00   7.46E-12   2.98E-12   0.00E+00   0.00E+00   0.00E+00   0.00E+00   0.00E+00   0.00E+00
      +/- 0.0 %  +/- 0.0 %  +/- 0.0 %  +/-50.3 %  +/-57.7 %  +/- 0.0 %  +/- 0.0 %  +/- 0.0 %  +/- 0.0 %  +/- 0.0 %  +/- 0.0 %
  15   0.00E+00   0.00E+00   2.98E-12   3.88E-11   0.00E+00   0.00E+00   0.00E+00   0.00E+00   0.00E+00   0.00E+00   0.00E+00
      +/- 0.0 %  +/- 0.0 %  +/-99.0 %  +/- 4.4 %  +/- 0.0 %  +/- 0.0 %  +/- 0.0 %  +/- 0.0 %  +/- 0.0 %  +/- 0.0 %  +/- 0.0 %
  14   0.00E+00   0.00E+00   5.22E-11   2.98E-12   0.00E+00   0.00E+00   0.00E+00   0.00E+00   0.00E+00   0.00E+00   0.00E+00
      +/- 0.0 %  +/- 0.0 %  +/- 7.2 %  +/-57.7 %  +/- 0.0 %  +/- 0.0 %  +/- 0.0 %  +/- 0.0 %  +/- 0.0 %  +/- 0.0 %  +/- 0.0 %
  13   0.00E+00   2.98E-12   7.31E-11   0.00E+00   0.00E+00   0.00E+00   0.00E+00   0.00E+00   0.00E+00   0.00E+00   0.00E+00
      +/- 0.0 %  +/-57.7 %  +/- 7.0 %  +/- 0.0 %  +/- 0.0 %  +/- 0.0 %  +/- 0.0 %  +/- 0.0 %  +/- 0.0 %  +/- 0.0 %  +/- 0.0 %
  12   0.00E+00   1.79E-11   5.67E-11   0.00E+00   0.00E+00   0.00E+00   0.00E+00   0.00E+00   0.00E+00   0.00E+00   0.00E+00
      +/- 0.0 %  +/-36.0 %  +/-25.2 %  +/- 0.0 %  +/- 0.0 %  +/- 0.0 %  +/- 0.0 %  +/- 0.0 %  +/- 0.0 %  +/- 0.0 %  +/- 0.0 %
  11   2.98E-12   3.88E-11   4.48E-12   0.00E+00   0.00E+00   0.00E+00   0.00E+00   0.00E+00   0.00E+00   0.00E+00   0.00E+00
      +/-57.7 %  +/- 9.9 %  +/-33.3 %  +/- 0.0 %  +/- 0.0 %  +/- 0.0 %  +/- 0.0 %  +/- 0.0 %  +/- 0.0 %  +/- 0.0 %  +/- 0.0 %
  10   3.88E-11   1.19E-11   0.00E+00   0.00E+00   0.00E+00   0.00E+00   0.00E+00   0.00E+00   0.00E+00   0.00E+00   0.00E+00
      +/-16.0 %  +/-20.4 %  +/- 0.0 %  +/- 0.0 %  +/- 0.0 %  +/- 0.0 %  +/- 0.0 %  +/- 0.0 %  +/- 0.0 %  +/- 0.0 %  +/- 0.0 %
   9   5.97E-11   0.00E+00   0.00E+00   0.00E+00   0.00E+00   0.00E+00   0.00E+00   0.00E+00   0.00E+00   0.00E+00   0.00E+00
      +/-17.3 %  +/- 0.0 %  +/- 0.0 %  +/- 0.0 %  +/- 0.0 %  +/- 0.0 %  +/- 0.0 %  +/- 0.0 %  +/- 0.0 %  +/- 0.0 %  +/- 0.0 %
   7   4.48E-12   0.00E+00   0.00E+00   0.00E+00   0.00E+00   0.00E+00   0.00E+00   0.00E+00   0.00E+00   0.00E+00   0.00E+00
      +/-63.8 %  +/- 0.0 %  +/- 0.0 %  +/- 0.0 %  +/- 0.0 %  +/- 0.0 %  +/- 0.0 %  +/- 0.0 %  +/- 0.0 %  +/- 0.0 %  +/- 0.0 %

  A \ Z    1          2          3
   9   0.00E+00   0.00E+00   1.49E-12
      +/- 0.0 %  +/- 0.0 %  +/-99.0 %
   8   0.00E+00   0.00E+00   2.09E-11
      +/- 0.0 %  +/- 0.0 %  +/-34.0 %
   7   0.00E+00   0.00E+00   2.67E-10
      +/- 0.0 %  +/- 0.0 %  +/- 4.2 %
   6   0.00E+00   2.07E-10   1.88E-10
      +/- 0.0 %  +/- 6.6 %  +/-12.5 %
   4   0.00E+00   3.75E-07   0.00E+00
      +/- 0.0 %  +/- 0.2 %  +/- 0.0 %
   3   3.76E-08   1.40E-09   0.00E+00
      +/- 0.5 %  +/- 3.5 %  +/- 0.0 %
   2   1.56E-07   0.00E+00   0.00E+00
      +/- 0.1 %  +/- 0.0 %  +/- 0.0 %
   1   8.26E-07   0.00E+00   0.00E+00
      +/- 0.1 %  +/- 0.0 %  +/- 0.0 %


